  [1m[35m (83.2ms)[0m  [1m[35mCREATE TABLE "schema_migrations" ("version" varchar NOT NULL PRIMARY KEY)[0m
  [1m[35m (103.5ms)[0m  [1m[35mCREATE TABLE "ar_internal_metadata" ("key" varchar NOT NULL PRIMARY KEY, "value" varchar, "created_at" datetime(6) NOT NULL, "updated_at" datetime(6) NOT NULL)[0m
  [1m[36mActiveRecord::SchemaMigration Pluck (0.4ms)[0m  [1m[34mSELECT "schema_migrations"."version" FROM "schema_migrations" ORDER BY "schema_migrations"."version" ASC[0m
Migrating to CreateRestaurants (20230320061421)
  [1m[36mTRANSACTION (0.2ms)[0m  [1m[36mbegin transaction[0m
  [1m[35m (1.2ms)[0m  [1m[35mCREATE TABLE "restaurants" ("id" integer PRIMARY KEY AUTOINCREMENT NOT NULL, "name" varchar, "address" varchar, "created_at" datetime(6) NOT NULL, "updated_at" datetime(6) NOT NULL)[0m
  [1m[36mActiveRecord::SchemaMigration Create (0.4ms)[0m  [1m[32mINSERT INTO "schema_migrations" ("version") VALUES (?)[0m  [["version", "20230320061421"]]
  [1m[36mTRANSACTION (109.2ms)[0m  [1m[36mcommit transaction[0m
Migrating to CreatePizzas (20230320061423)
  [1m[36mTRANSACTION (0.1ms)[0m  [1m[36mbegin transaction[0m
  [1m[35m (0.3ms)[0m  [1m[35mCREATE TABLE "pizzas" ("id" integer PRIMARY KEY AUTOINCREMENT NOT NULL, "name" varchar, "ingredients" varchar, "created_at" datetime(6) NOT NULL, "updated_at" datetime(6) NOT NULL)[0m
  [1m[36mActiveRecord::SchemaMigration Create (0.2ms)[0m  [1m[32mINSERT INTO "schema_migrations" ("version") VALUES (?)[0m  [["version", "20230320061423"]]
  [1m[36mTRANSACTION (94.4ms)[0m  [1m[36mcommit transaction[0m
Migrating to CreateRestaurantPizzas (20230320062601)
  [1m[36mTRANSACTION (0.1ms)[0m  [1m[36mbegin transaction[0m
  [1m[35m (0.5ms)[0m  [1m[35mCREATE TABLE "restaurant_pizzas" ("id" integer PRIMARY KEY AUTOINCREMENT NOT NULL, "restaurant_id" integer NOT NULL, "pizza_id" integer NOT NULL, "created_at" datetime(6) NOT NULL, "updated_at" datetime(6) NOT NULL, CONSTRAINT "fk_rails_f279821f06"
FOREIGN KEY ("restaurant_id")
  REFERENCES "restaurants" ("id")
, CONSTRAINT "fk_rails_ab3bb148dc"
FOREIGN KEY ("pizza_id")
  REFERENCES "pizzas" ("id")
)[0m
  [1m[35m (0.2ms)[0m  [1m[35mCREATE INDEX "index_restaurant_pizzas_on_restaurant_id" ON "restaurant_pizzas" ("restaurant_id")[0m
  [1m[35m (0.3ms)[0m  [1m[35mCREATE INDEX "index_restaurant_pizzas_on_pizza_id" ON "restaurant_pizzas" ("pizza_id")[0m
  [1m[36mActiveRecord::SchemaMigration Create (0.3ms)[0m  [1m[32mINSERT INTO "schema_migrations" ("version") VALUES (?)[0m  [["version", "20230320062601"]]
  [1m[36mTRANSACTION (123.4ms)[0m  [1m[36mcommit transaction[0m
  [1m[36mActiveRecord::InternalMetadata Load (0.2ms)[0m  [1m[34mSELECT "ar_internal_metadata".* FROM "ar_internal_metadata" WHERE "ar_internal_metadata"."key" = ? LIMIT ?[0m  [["key", "environment"], ["LIMIT", 1]]
  [1m[36mTRANSACTION (0.1ms)[0m  [1m[36mbegin transaction[0m
  [1m[36mActiveRecord::InternalMetadata Create (0.3ms)[0m  [1m[32mINSERT INTO "ar_internal_metadata" ("key", "value", "created_at", "updated_at") VALUES (?, ?, ?, ?)[0m  [["key", "environment"], ["value", "development"], ["created_at", "2023-03-20 06:29:25.058194"], ["updated_at", "2023-03-20 06:29:25.058194"]]
  [1m[36mTRANSACTION (73.0ms)[0m  [1m[36mcommit transaction[0m
  [1m[36mActiveRecord::SchemaMigration Pluck (0.1ms)[0m  [1m[34mSELECT "schema_migrations"."version" FROM "schema_migrations" ORDER BY "schema_migrations"."version" ASC[0m
  [1m[36mActiveRecord::SchemaMigration Pluck (0.1ms)[0m  [1m[34mSELECT "schema_migrations"."version" FROM "schema_migrations" ORDER BY "schema_migrations"."version" ASC[0m
  [1m[36mActiveRecord::SchemaMigration Pluck (0.1ms)[0m  [1m[34mSELECT "schema_migrations"."version" FROM "schema_migrations" ORDER BY "schema_migrations"."version" ASC[0m
  [1m[36mRestaurant Load (0.1ms)[0m  [1m[34mSELECT "restaurants".* FROM "restaurants"[0m
  [1m[36mPizza Load (0.2ms)[0m  [1m[34mSELECT "pizzas".* FROM "pizzas"[0m
  [1m[36mTRANSACTION (0.1ms)[0m  [1m[36mbegin transaction[0m
  [1m[36mRestaurant Create (0.2ms)[0m  [1m[32mINSERT INTO "restaurants" ("name", "address", "created_at", "updated_at") VALUES (?, ?, ?, ?)[0m  [["name", "Pizza Hut"], ["address", nil], ["created_at", "2023-03-20 06:30:25.371072"], ["updated_at", "2023-03-20 06:30:25.371072"]]
  [1m[36mTRANSACTION (70.4ms)[0m  [1m[36mcommit transaction[0m
  [1m[36mTRANSACTION (0.1ms)[0m  [1m[36mbegin transaction[0m
  [1m[36mRestaurant Create (0.6ms)[0m  [1m[32mINSERT INTO "restaurants" ("name", "address", "created_at", "updated_at") VALUES (?, ?, ?, ?)[0m  [["name", "Domino's"], ["address", nil], ["created_at", "2023-03-20 06:30:25.446562"], ["updated_at", "2023-03-20 06:30:25.446562"]]
  [1m[36mTRANSACTION (88.5ms)[0m  [1m[36mcommit transaction[0m
  [1m[36mTRANSACTION (0.2ms)[0m  [1m[36mbegin transaction[0m
  [1m[36mRestaurant Create (0.6ms)[0m  [1m[32mINSERT INTO "restaurants" ("name", "address", "created_at", "updated_at") VALUES (?, ?, ?, ?)[0m  [["name", "Papa John's"], ["address", nil], ["created_at", "2023-03-20 06:30:25.545381"], ["updated_at", "2023-03-20 06:30:25.545381"]]
  [1m[36mTRANSACTION (68.7ms)[0m  [1m[36mcommit transaction[0m
  [1m[36mTRANSACTION (0.1ms)[0m  [1m[36mbegin transaction[0m
  [1m[36mPizza Create (0.4ms)[0m  [1m[32mINSERT INTO "pizzas" ("name", "ingredients", "created_at", "updated_at") VALUES (?, ?, ?, ?)[0m  [["name", "Pepperoni"], ["ingredients", nil], ["created_at", "2023-03-20 06:30:25.643175"], ["updated_at", "2023-03-20 06:30:25.643175"]]
  [1m[36mTRANSACTION (61.3ms)[0m  [1m[36mcommit transaction[0m
  [1m[36mTRANSACTION (0.1ms)[0m  [1m[36mbegin transaction[0m
  [1m[36mPizza Create (0.7ms)[0m  [1m[32mINSERT INTO "pizzas" ("name", "ingredients", "created_at", "updated_at") VALUES (?, ?, ?, ?)[0m  [["name", "Cheese"], ["ingredients", nil], ["created_at", "2023-03-20 06:30:25.712174"], ["updated_at", "2023-03-20 06:30:25.712174"]]
  [1m[36mTRANSACTION (57.2ms)[0m  [1m[36mcommit transaction[0m
  [1m[36mTRANSACTION (0.3ms)[0m  [1m[36mbegin transaction[0m
  [1m[36mPizza Create (0.7ms)[0m  [1m[32mINSERT INTO "pizzas" ("name", "ingredients", "created_at", "updated_at") VALUES (?, ?, ?, ?)[0m  [["name", "Veggie"], ["ingredients", nil], ["created_at", "2023-03-20 06:30:25.779063"], ["updated_at", "2023-03-20 06:30:25.779063"]]
  [1m[36mTRANSACTION (66.9ms)[0m  [1m[36mcommit transaction[0m
  [1m[36mTRANSACTION (0.1ms)[0m  [1m[36mbegin transaction[0m
  [1m[36mRestaurantPizza Create (0.3ms)[0m  [1m[32mINSERT INTO "restaurant_pizzas" ("restaurant_id", "pizza_id", "created_at", "updated_at") VALUES (?, ?, ?, ?)[0m  [["restaurant_id", 1], ["pizza_id", 1], ["created_at", "2023-03-20 06:30:25.919108"], ["updated_at", "2023-03-20 06:30:25.919108"]]
  [1m[36mTRANSACTION (90.4ms)[0m  [1m[36mcommit transaction[0m
  [1m[36mTRANSACTION (0.1ms)[0m  [1m[36mbegin transaction[0m
  [1m[36mRestaurantPizza Create (0.8ms)[0m  [1m[32mINSERT INTO "restaurant_pizzas" ("restaurant_id", "pizza_id", "created_at", "updated_at") VALUES (?, ?, ?, ?)[0m  [["restaurant_id", 1], ["pizza_id", 2], ["created_at", "2023-03-20 06:30:26.015088"], ["updated_at", "2023-03-20 06:30:26.015088"]]
  [1m[36mTRANSACTION (118.5ms)[0m  [1m[36mcommit transaction[0m
  [1m[36mTRANSACTION (0.1ms)[0m  [1m[36mbegin transaction[0m
  [1m[36mRestaurantPizza Create (0.8ms)[0m  [1m[32mINSERT INTO "restaurant_pizzas" ("restaurant_id", "pizza_id", "created_at", "updated_at") VALUES (?, ?, ?, ?)[0m  [["restaurant_id", 2], ["pizza_id", 2], ["created_at", "2023-03-20 06:30:26.144277"], ["updated_at", "2023-03-20 06:30:26.144277"]]
  [1m[36mTRANSACTION (78.1ms)[0m  [1m[36mcommit transaction[0m
  [1m[36mTRANSACTION (0.2ms)[0m  [1m[36mbegin transaction[0m
  [1m[36mRestaurantPizza Create (1.1ms)[0m  [1m[32mINSERT INTO "restaurant_pizzas" ("restaurant_id", "pizza_id", "created_at", "updated_at") VALUES (?, ?, ?, ?)[0m  [["restaurant_id", 2], ["pizza_id", 3], ["created_at", "2023-03-20 06:30:26.232765"], ["updated_at", "2023-03-20 06:30:26.232765"]]
  [1m[36mTRANSACTION (76.0ms)[0m  [1m[36mcommit transaction[0m
  [1m[36mTRANSACTION (0.2ms)[0m  [1m[36mbegin transaction[0m
  [1m[36mRestaurantPizza Create (0.8ms)[0m  [1m[32mINSERT INTO "restaurant_pizzas" ("restaurant_id", "pizza_id", "created_at", "updated_at") VALUES (?, ?, ?, ?)[0m  [["restaurant_id", 3], ["pizza_id", 1], ["created_at", "2023-03-20 06:30:26.321668"], ["updated_at", "2023-03-20 06:30:26.321668"]]
  [1m[36mTRANSACTION (67.4ms)[0m  [1m[36mcommit transaction[0m
  [1m[36mTRANSACTION (0.2ms)[0m  [1m[36mbegin transaction[0m
  [1m[36mRestaurantPizza Create (1.0ms)[0m  [1m[32mINSERT INTO "restaurant_pizzas" ("restaurant_id", "pizza_id", "created_at", "updated_at") VALUES (?, ?, ?, ?)[0m  [["restaurant_id", 3], ["pizza_id", 3], ["created_at", "2023-03-20 06:30:26.400317"], ["updated_at", "2023-03-20 06:30:26.400317"]]
  [1m[36mTRANSACTION (74.0ms)[0m  [1m[36mcommit transaction[0m
  [1m[36mActiveRecord::SchemaMigration Pluck (0.1ms)[0m  [1m[34mSELECT "schema_migrations"."version" FROM "schema_migrations" ORDER BY "schema_migrations"."version" ASC[0m
  [1m[36mActiveRecord::InternalMetadata Load (9.3ms)[0m  [1m[34mSELECT "ar_internal_metadata".* FROM "ar_internal_metadata" WHERE "ar_internal_metadata"."key" = ? LIMIT ?[0m  [["key", "environment"], ["LIMIT", 1]]
  [1m[36mActiveRecord::SchemaMigration Pluck (0.1ms)[0m  [1m[34mSELECT "schema_migrations"."version" FROM "schema_migrations" ORDER BY "schema_migrations"."version" ASC[0m
Started GET "/" for 127.0.0.1 at 2023-03-20 10:33:16 +0300
  [1m[36mActiveRecord::SchemaMigration Pluck (0.2ms)[0m  [1m[34mSELECT "schema_migrations"."version" FROM "schema_migrations" ORDER BY "schema_migrations"."version" ASC[0m
Processing by Rails::WelcomeController#index as HTML
  Rendering /home/glory/.rvm/gems/ruby-2.7.0/gems/railties-7.0.4.3/lib/rails/templates/rails/welcome/index.html.erb
  Rendered /home/glory/.rvm/gems/ruby-2.7.0/gems/railties-7.0.4.3/lib/rails/templates/rails/welcome/index.html.erb (Duration: 51.0ms | Allocations: 773)
Completed 200 OK in 299ms (Views: 119.5ms | ActiveRecord: 0.0ms | Allocations: 6765)


Started GET "/restraunts" for 127.0.0.1 at 2023-03-20 10:33:42 +0300
  
ActionController::RoutingError (No route matches [GET] "/restraunts"):
  
Started GET "/restraunt_pizzas" for 127.0.0.1 at 2023-03-20 10:34:44 +0300
  
ActionController::RoutingError (No route matches [GET] "/restraunt_pizzas"):
  
Started GET "/restaurant_pizzas" for 127.0.0.1 at 2023-03-20 10:35:43 +0300
  
ActionController::RoutingError (No route matches [GET] "/restaurant_pizzas"):
  
Started GET "/restaurants" for 127.0.0.1 at 2023-03-20 17:40:00 +0300
  
ActionController::RoutingError (uninitialized constant RestaurantsController
Did you mean?  RestrauntsController):
  
Started GET "/Restaurants" for 127.0.0.1 at 2023-03-20 17:42:28 +0300
  
ActionController::RoutingError (No route matches [GET] "/Restaurants"):
  
Started GET "/restaurants" for 127.0.0.1 at 2023-03-20 17:42:40 +0300
  
ActionController::RoutingError (uninitialized constant RestaurantsController
Did you mean?  RestrauntsController):
  
Started GET "/restaurant" for 127.0.0.1 at 2023-03-20 17:44:26 +0300
  
ActionController::RoutingError (No route matches [GET] "/restaurant"):
  
Started GET "/restaurants" for 127.0.0.1 at 2023-03-20 17:44:46 +0300
  
ActionController::RoutingError (uninitialized constant RestaurantsController
Did you mean?  RestrauntsController):
  
Started GET "/restaurants" for 127.0.0.1 at 2023-03-20 17:47:15 +0300
  
ActionController::RoutingError (uninitialized constant RestaurantsController
Did you mean?  RestrauntsController):
  
Started GET "/restaurants" for 127.0.0.1 at 2023-03-20 17:47:17 +0300
  
ActionController::RoutingError (uninitialized constant RestaurantsController
Did you mean?  RestrauntsController):
  
Started GET "/" for 127.0.0.1 at 2023-03-20 17:48:35 +0300
  [1m[36mActiveRecord::SchemaMigration Pluck (0.1ms)[0m  [1m[34mSELECT "schema_migrations"."version" FROM "schema_migrations" ORDER BY "schema_migrations"."version" ASC[0m
Processing by Rails::WelcomeController#index as HTML
  Rendering /home/glory/.rvm/gems/ruby-2.7.0/gems/railties-7.0.4.3/lib/rails/templates/rails/welcome/index.html.erb
  Rendered /home/glory/.rvm/gems/ruby-2.7.0/gems/railties-7.0.4.3/lib/rails/templates/rails/welcome/index.html.erb (Duration: 26.0ms | Allocations: 661)
Completed 200 OK in 65ms (Views: 35.3ms | ActiveRecord: 0.0ms | Allocations: 5411)


Started GET "/restaurants" for 127.0.0.1 at 2023-03-20 17:48:50 +0300
  
ActionController::RoutingError (uninitialized constant RestaurantsController
Did you mean?  RestarauntsController):
  
Started GET "/restaurants" for 127.0.0.1 at 2023-03-20 17:48:50 +0300
  
ActionController::RoutingError (uninitialized constant RestaurantsController
Did you mean?  RestarauntsController):
  
Started GET "/restraunts" for 127.0.0.1 at 2023-03-20 17:49:36 +0300
  
ActionController::RoutingError (No route matches [GET] "/restraunts"):
  
Started GET "/restaurants" for 127.0.0.1 at 2023-03-20 17:50:40 +0300
  
ActionController::RoutingError (uninitialized constant RestaurantsController
Did you mean?  RestarauntsController):
  
Started GET "/restaurants" for 127.0.0.1 at 2023-03-20 17:50:40 +0300
  
ActionController::RoutingError (uninitialized constant RestaurantsController
Did you mean?  RestarauntsController):
  
Started GET "/pizzas" for 127.0.0.1 at 2023-03-20 17:53:25 +0300
  
ActionController::RoutingError (uninitialized constant PizzasController
Did you mean?  PizzaTrackerApi):
  
Started GET "/" for 127.0.0.1 at 2023-03-20 18:00:05 +0300
  [1m[36mActiveRecord::SchemaMigration Pluck (0.2ms)[0m  [1m[34mSELECT "schema_migrations"."version" FROM "schema_migrations" ORDER BY "schema_migrations"."version" ASC[0m
Processing by Rails::WelcomeController#index as HTML
  Rendering /home/glory/.rvm/gems/ruby-2.7.0/gems/railties-7.0.4.3/lib/rails/templates/rails/welcome/index.html.erb
  Rendered /home/glory/.rvm/gems/ruby-2.7.0/gems/railties-7.0.4.3/lib/rails/templates/rails/welcome/index.html.erb (Duration: 1.2ms | Allocations: 661)
Completed 200 OK in 11ms (Views: 3.2ms | ActiveRecord: 0.0ms | Allocations: 5412)


Started GET "/restaraunts" for 127.0.0.1 at 2023-03-20 18:00:17 +0300
  
ActionController::RoutingError (No route matches [GET] "/restaraunts"):
  
Started GET "/restaurants" for 127.0.0.1 at 2023-03-20 18:00:50 +0300
Processing by RestaurantsController#index as HTML
  [1m[36mRestaurant Load (0.1ms)[0m  [1m[34mSELECT "restaurants".* FROM "restaurants"[0m
  ↳ app/controllers/restaurants_controller.rb:8:in `index'
Completed 200 OK in 65ms (Views: 0.6ms | ActiveRecord: 0.6ms | Allocations: 19459)


